15:48:29 **** Incremental Build of configuration Debug for project MC1_Final_project ****
make all 
Building file: ../main.c
Invoking: AVR Compiler
avr-gcc -Wall -g2 -gstabs -O0 -fpack-struct -fshort-enums -ffunction-sections -fdata-sections -std=gnu99 -funsigned-char -funsigned-bitfields -mmcu=atmega16 -DF_CPU=1000000UL -MMD -MP -MF"main.d" -MT"main.d" -c -o "main.o" "../main.c"
In file included from ../micro_config.h:22,
                 from ../lcd.h:18,
                 from ../main.c:7:
c:/winavr-20100110/lib/gcc/../../avr/include/util/delay.h:90:3: warning: #warning "Compiler optimizations disabled; functions from <util/delay.h> won't work as designed"
Finished building: ../main.c
 
Building target: MC1_Final_project.elf
Invoking: AVR C Linker
avr-gcc -Wl,-Map,MC1_Final_project.map -mmcu=atmega16 -o "MC1_Final_project.elf"  ./keypad.o ./lcd.o ./main.o ./uart.o   
Finished building target: MC1_Final_project.elf
 
Invoking: AVR Create Extended Listing
avr-objdump -h -S MC1_Final_project.elf  >"MC1_Final_project.lss"
Finished building: MC1_Final_project.lss
 
Invoking: Print Size
avr-size --format=avr --mcu=atmega16 MC1_Final_project.elf
AVR Memory Usage
----------------
Device: atmega16

Program:    9926 bytes (60.6% Full)
(.text + .data + .bootloader)

Data:        184 bytes (18.0% Full)
(.data + .bss + .noinit)


Finished building: sizedummy
 

15:48:30 Build Finished (took 931ms)

