19:46:03 **** Build of configuration Debug for project Mini_project_2 ****
make all 
Building file: ../adc.c
Invoking: AVR Compiler
avr-gcc -Wall -g2 -gstabs -O0 -fpack-struct -fshort-enums -ffunction-sections -fdata-sections -std=gnu99 -funsigned-char -funsigned-bitfields -mmcu=atmega16 -DF_CPU=1000000UL -MMD -MP -MF"adc.d" -MT"adc.d" -c -o "adc.o" "../adc.c"
In file included from ../micro_config.h:22,
                 from ../adc.h:16,
                 from ../adc.c:13:
c:/winavr-20100110/lib/gcc/../../avr/include/util/delay.h:90:3: warning: #warning "Compiler optimizations disabled; functions from <util/delay.h> won't work as designed"
Finished building: ../adc.c
 
Building file: ../lcd.c
Invoking: AVR Compiler
avr-gcc -Wall -g2 -gstabs -O0 -fpack-struct -fshort-enums -ffunction-sections -fdata-sections -std=gnu99 -funsigned-char -funsigned-bitfields -mmcu=atmega16 -DF_CPU=1000000UL -MMD -MP -MF"lcd.d" -MT"lcd.d" -c -o "lcd.o" "../lcd.c"
In file included from ../micro_config.h:22,
                 from ../lcd.h:18,
                 from ../lcd.c:13:
c:/winavr-20100110/lib/gcc/../../avr/include/util/delay.h:90:3: warning: #warning "Compiler optimizations disabled; functions from <util/delay.h> won't work as designed"
../lcd.c: In function 'LCD_intgerToString':
../lcd.c:107: warning: implicit declaration of function 'itoa'
Finished building: ../lcd.c
 
Building file: ../main.c
Invoking: AVR Compiler
avr-gcc -Wall -g2 -gstabs -O0 -fpack-struct -fshort-enums -ffunction-sections -fdata-sections -std=gnu99 -funsigned-char -funsigned-bitfields -mmcu=atmega16 -DF_CPU=1000000UL -MMD -MP -MF"main.d" -MT"main.d" -c -o "main.o" "../main.c"
In file included from ../micro_config.h:22,
                 from ../adc.h:16,
                 from ../main.c:11:
c:/winavr-20100110/lib/gcc/../../avr/include/util/delay.h:90:3: warning: #warning "Compiler optimizations disabled; functions from <util/delay.h> won't work as designed"
Finished building: ../main.c
 
Building target: Mini_project_2.elf
Invoking: AVR C Linker
avr-gcc -Wl,-Map,Mini_project_2.map -mmcu=atmega16 -o "Mini_project_2.elf"  ./adc.o ./lcd.o ./main.o   
Finished building target: Mini_project_2.elf
 
Invoking: AVR Create Extended Listing
avr-objdump -h -S Mini_project_2.elf  >"Mini_project_2.lss"
Finished building: Mini_project_2.lss
 
Invoking: Print Size
avr-size --format=avr --mcu=atmega16 Mini_project_2.elf
AVR Memory Usage
----------------
Device: atmega16

Program:    6166 bytes (37.6% Full)
(.text + .data + .bootloader)

Data:         28 bytes (2.7% Full)
(.data + .bss + .noinit)


Finished building: sizedummy
 

19:46:05 Build Finished (took 2s.500ms)

